# JRE version: Java(TM) SE Runtime Environment (7.0_55-b13) (build 1.7.0_55-b13)
# Java VM: Java HotSpot(TM) Client VM (24.55-b03 mixed mode, sharing windows-x86 )
Heap
 def new generation   total 30528K, used 17341K [0x24270000, 0x26380000, 0x297c0000)
  eden space 27200K,  55% used [0x24270000, 0x25145250, 0x25d00000)
  from space 3328K,  64% used [0x26040000, 0x2625a590, 0x26380000)
  to   space 3328K,   0% used [0x25d00000, 0x25d00000, 0x26040000)
 tenured generation   total 67596K, used 54837K [0x297c0000, 0x2d9c3000, 0x34270000)
   the space 67596K,  81% used [0x297c0000, 0x2cd4d6c8, 0x2cd4d800, 0x2d9c3000)
 compacting perm gen  total 22272K, used 22200K [0x34270000, 0x35830000, 0x38270000)
   the space 22272K,  99% used [0x34270000, 0x3581e240, 0x3581e400, 0x35830000)
    ro space 10240K,  44% used [0x38270000, 0x386e8300, 0x386e8400, 0x38c70000)
    rw space 12288K,  52% used [0x38c70000, 0x392bf100, 0x392bf200, 0x39870000)
GC Heap History (10 events):
Event: 4916.989 GC heap before
{Heap before GC invocations=91 (full 7):
 def new generation   total 30528K, used 28179K [0x24270000, 0x26380000, 0x297c0000)
  eden space 27200K,  99% used [0x24270000, 0x25cfdff8, 0x25d00000)
  from space 3328K,  29% used [0x25d00000, 0x25df6f80, 0x26040000)
  to   space 3328K,   0% used [0x26040000, 0x26040000, 0x26380000)
 tenured generation   total 67596K, used 53242K [0x297c0000, 0x2d9c3000, 0x34270000)
   the space 67596K,  78% used [0x297c0000, 0x2cbbe860, 0x2cbbea00, 0x2d9c3000)
 compacting perm gen  total 22016K, used 21863K [0x34270000, 0x357f0000, 0x38270000)
   the space 22016K,  99% used [0x34270000, 0x357c9fc8, 0x357ca000, 0x357f0000)
    ro space 10240K,  44% used [0x38270000, 0x386e8300, 0x386e8400, 0x38c70000)
    rw space 12288K,  52% used [0x38c70000, 0x392bf100, 0x392bf200, 0x39870000)
Event: 4916.996 GC heap after
Heap after GC invocations=92 (full 7):
 def new generation   total 30528K, used 1667K [0x24270000, 0x26380000, 0x297c0000)
  eden space 27200K,   0% used [0x24270000, 0x24270000, 0x25d00000)
  from space 3328K,  50% used [0x26040000, 0x261e0e60, 0x26380000)
  to   space 3328K,   0% used [0x25d00000, 0x25d00000, 0x26040000)
 tenured generation   total 67596K, used 53242K [0x297c0000, 0x2d9c3000, 0x34270000)
   the space 67596K,  78% used [0x297c0000, 0x2cbbe860, 0x2cbbea00, 0x2d9c3000)
 compacting perm gen  total 22016K, used 21863K [0x34270000, 0x357f0000, 0x38270000)
   the space 22016K,  99% used [0x34270000, 0x357c9fc8, 0x357ca000, 0x357f0000)
    ro space 10240K,  44% used [0x38270000, 0x386e8300, 0x386e8400, 0x38c70000)
    rw space 12288K,  52% used [0x38c70000, 0x392bf100, 0x392bf200, 0x39870000)
}
Event: 5176.098 GC heap before
{Heap before GC invocations=92 (full 7):
 def new generation   total 30528K, used 28867K [0x24270000, 0x26380000, 0x297c0000)
  eden space 27200K, 100% used [0x24270000, 0x25d00000, 0x25d00000)
  from space 3328K,  50% used [0x26040000, 0x261e0e60, 0x26380000)
  to   space 3328K,   0% used [0x25d00000, 0x25d00000, 0x26040000)
 tenured generation   total 67596K, used 53242K [0x297c0000, 0x2d9c3000, 0x34270000)
   the space 67596K,  78% used [0x297c0000, 0x2cbbe860, 0x2cbbea00, 0x2d9c3000)
 compacting perm gen  total 22016K, used 21899K [0x34270000, 0x357f0000, 0x38270000)
   the space 22016K,  99% used [0x34270000, 0x357d2e90, 0x357d3000, 0x357f0000)
    ro space 10240K,  44% used [0x38270000, 0x386e8300, 0x386e8400, 0x38c70000)
    rw space 12288K,  52% used [0x38c70000, 0x392bf100, 0x392bf200, 0x39870000)
Event: 5176.105 GC heap after
Heap after GC invocations=93 (full 7):
 def new generation   total 30528K, used 1948K [0x24270000, 0x26380000, 0x297c0000)
  eden space 27200K,   0% used [0x24270000, 0x24270000, 0x25d00000)
  from space 3328K,  58% used [0x25d00000, 0x25ee7330, 0x26040000)
  to   space 3328K,   0% used [0x26040000, 0x26040000, 0x26380000)
 tenured generation   total 67596K, used 53973K [0x297c0000, 0x2d9c3000, 0x34270000)
   the space 67596K,  79% used [0x297c0000, 0x2cc75568, 0x2cc75600, 0x2d9c3000)
 compacting perm gen  total 22016K, used 21899K [0x34270000, 0x357f0000, 0x38270000)
   the space 22016K,  99% used [0x34270000, 0x357d2e90, 0x357d3000, 0x357f0000)
    ro space 10240K,  44% used [0x38270000, 0x386e8300, 0x386e8400, 0x38c70000)
    rw space 12288K,  52% used [0x38c70000, 0x392bf100, 0x392bf200, 0x39870000)
}
Event: 5310.881 GC heap before
{Heap before GC invocations=93 (full 7):
 def new generation   total 30528K, used 29148K [0x24270000, 0x26380000, 0x297c0000)
  eden space 27200K, 100% used [0x24270000, 0x25d00000, 0x25d00000)
  from space 3328K,  58% used [0x25d00000, 0x25ee7330, 0x26040000)
  to   space 3328K,   0% used [0x26040000, 0x26040000, 0x26380000)
 tenured generation   total 67596K, used 53973K [0x297c0000, 0x2d9c3000, 0x34270000)
   the space 67596K,  79% used [0x297c0000, 0x2cc75568, 0x2cc75600, 0x2d9c3000)
 compacting perm gen  total 22272K, used 22072K [0x34270000, 0x35830000, 0x38270000)
   the space 22272K,  99% used [0x34270000, 0x357fe0c8, 0x357fe200, 0x35830000)
    ro space 10240K,  44% used [0x38270000, 0x386e8300, 0x386e8400, 0x38c70000)
    rw space 12288K,  52% used [0x38c70000, 0x392bf100, 0x392bf200, 0x39870000)
Event: 5310.889 GC heap after
Heap after GC invocations=94 (full 7):
 def new generation   total 30528K, used 2314K [0x24270000, 0x26380000, 0x297c0000)
  eden space 27200K,   0% used [0x24270000, 0x24270000, 0x25d00000)
  from space 3328K,  69% used [0x26040000, 0x26282938, 0x26380000)
  to   space 3328K,   0% used [0x25d00000, 0x25d00000, 0x26040000)
 tenured generation   total 67596K, used 54281K [0x297c0000, 0x2d9c3000, 0x34270000)
   the space 67596K,  80% used [0x297c0000, 0x2ccc25c8, 0x2ccc2600, 0x2d9c3000)
 compacting perm gen  total 22272K, used 22072K [0x34270000, 0x35830000, 0x38270000)
   the space 22272K,  99% used [0x34270000, 0x357fe0c8, 0x357fe200, 0x35830000)
    ro space 10240K,  44% used [0x38270000, 0x386e8300, 0x386e8400, 0x38c70000)
    rw space 12288K,  52% used [0x38c70000, 0x392bf100, 0x392bf200, 0x39870000)
}
Event: 5492.824 GC heap before
{Heap before GC invocations=94 (full 7):
 def new generation   total 30528K, used 29514K [0x24270000, 0x26380000, 0x297c0000)
  eden space 27200K, 100% used [0x24270000, 0x25d00000, 0x25d00000)
  from space 3328K,  69% used [0x26040000, 0x26282938, 0x26380000)
  to   space 3328K,   0% used [0x25d00000, 0x25d00000, 0x26040000)
 tenured generation   total 67596K, used 54281K [0x297c0000, 0x2d9c3000, 0x34270000)
   the space 67596K,  80% used [0x297c0000, 0x2ccc25c8, 0x2ccc2600, 0x2d9c3000)
 compacting perm gen  total 22272K, used 22180K [0x34270000, 0x35830000, 0x38270000)
   the space 22272K,  99% used [0x34270000, 0x35819160, 0x35819200, 0x35830000)
    ro space 10240K,  44% used [0x38270000, 0x386e8300, 0x386e8400, 0x38c70000)
    rw space 12288K,  52% used [0x38c70000, 0x392bf100, 0x392bf200, 0x39870000)
Event: 5492.829 GC heap after
Heap after GC invocations=95 (full 7):
 def new generation   total 30528K, used 1612K [0x24270000, 0x26380000, 0x297c0000)
  eden space 27200K,   0% used [0x24270000, 0x24270000, 0x25d00000)
  from space 3328K,  48% used [0x25d00000, 0x25e93110, 0x26040000)
  to   space 3328K,   0% used [0x26040000, 0x26040000, 0x26380000)
 tenured generation   total 67596K, used 54837K [0x297c0000, 0x2d9c3000, 0x34270000)
   the space 67596K,  81% used [0x297c0000, 0x2cd4d6c8, 0x2cd4d800, 0x2d9c3000)
 compacting perm gen  total 22272K, used 22180K [0x34270000, 0x35830000, 0x38270000)
   the space 22272K,  99% used [0x34270000, 0x35819160, 0x35819200, 0x35830000)
    ro space 10240K,  44% used [0x38270000, 0x386e8300, 0x386e8400, 0x38c70000)
    rw space 12288K,  52% used [0x38c70000, 0x392bf100, 0x392bf200, 0x39870000)
}
Event: 69825.263 GC heap before
{Heap before GC invocations=95 (full 7):
 def new generation   total 30528K, used 28812K [0x24270000, 0x26380000, 0x297c0000)
  eden space 27200K, 100% used [0x24270000, 0x25d00000, 0x25d00000)
  from space 3328K,  48% used [0x25d00000, 0x25e93110, 0x26040000)
  to   space 3328K,   0% used [0x26040000, 0x26040000, 0x26380000)
 tenured generation   total 67596K, used 54837K [0x297c0000, 0x2d9c3000, 0x34270000)
   the space 67596K,  81% used [0x297c0000, 0x2cd4d6c8, 0x2cd4d800, 0x2d9c3000)
 compacting perm gen  total 22272K, used 22195K [0x34270000, 0x35830000, 0x38270000)
   the space 22272K,  99% used [0x34270000, 0x3581cd68, 0x3581ce00, 0x35830000)
    ro space 10240K,  44% used [0x38270000, 0x386e8300, 0x386e8400, 0x38c70000)
    rw space 12288K,  52% used [0x38c70000, 0x392bf100, 0x392bf200, 0x39870000)
Event: 69825.270 GC heap after
Heap after GC invocations=96 (full 7):
 def new generation   total 30528K, used 2153K [0x24270000, 0x26380000, 0x297c0000)
  eden space 27200K,   0% used [0x24270000, 0x24270000, 0x25d00000)
  from space 3328K,  64% used [0x26040000, 0x2625a590, 0x26380000)
  to   space 3328K,   0% used [0x25d00000, 0x25d00000, 0x26040000)
 tenured generation   total 67596K, used 54837K [0x297c0000, 0x2d9c3000, 0x34270000)
   the space 67596K,  81% used [0x297c0000, 0x2cd4d6c8, 0x2cd4d800, 0x2d9c3000)
 compacting perm gen  total 22272K, used 22195K [0x34270000, 0x35830000, 0x38270000)
   the space 22272K,  99% used [0x34270000, 0x3581cd68, 0x3581ce00, 0x35830000)
    ro space 10240K,  44% used [0x38270000, 0x386e8300, 0x386e8400, 0x38c70000)
    rw space 12288K,  52% used [0x38c70000, 0x392bf100, 0x392bf200, 0x39870000)
}

